c:\users\sqdwr\desktop\hidedriver\hidedriver\x64\debug\vc141.pdb
c:\users\sqdwr\desktop\hidedriver\hidedriver\x64\debug\windows driver1.obj
c:\users\sqdwr\desktop\hidedriver\x64\debug\hidedriver\hidedriver.cat
c:\users\sqdwr\desktop\hidedriver\x64\debug\hidedriver.sys
c:\users\sqdwr\desktop\hidedriver\x64\debug\hidedriver.pdb
c:\users\sqdwr\desktop\hidedriver\hidedriver\x64\debug\hidedriver.inf
c:\users\sqdwr\desktop\hidedriver\hidedriver\x64\debug\hidedriver.tlog\cl.command.1.tlog
c:\users\sqdwr\desktop\hidedriver\hidedriver\x64\debug\hidedriver.tlog\cl.read.1.tlog
c:\users\sqdwr\desktop\hidedriver\hidedriver\x64\debug\hidedriver.tlog\cl.write.1.tlog
c:\users\sqdwr\desktop\hidedriver\hidedriver\x64\debug\hidedriver.tlog\inf2cat-expand.4020.read.1.tlog
c:\users\sqdwr\desktop\hidedriver\hidedriver\x64\debug\hidedriver.tlog\inf2cat-expand.4020.write.1.tlog
c:\users\sqdwr\desktop\hidedriver\hidedriver\x64\debug\hidedriver.tlog\inf2cat-expand.read.1.tlog
c:\users\sqdwr\desktop\hidedriver\hidedriver\x64\debug\hidedriver.tlog\inf2cat-expand.write.1.tlog
c:\users\sqdwr\desktop\hidedriver\hidedriver\x64\debug\hidedriver.tlog\inf2cat.command.1.tlog
c:\users\sqdwr\desktop\hidedriver\hidedriver\x64\debug\hidedriver.tlog\inf2cat.read.1.tlog
c:\users\sqdwr\desktop\hidedriver\hidedriver\x64\debug\hidedriver.tlog\inf2cat.read.6.tlog
c:\users\sqdwr\desktop\hidedriver\hidedriver\x64\debug\hidedriver.tlog\inf2cat.write.1.tlog
c:\users\sqdwr\desktop\hidedriver\hidedriver\x64\debug\hidedriver.tlog\link.command.1.tlog
c:\users\sqdwr\desktop\hidedriver\hidedriver\x64\debug\hidedriver.tlog\link.read.1.tlog
c:\users\sqdwr\desktop\hidedriver\hidedriver\x64\debug\hidedriver.tlog\link.write.1.tlog
c:\users\sqdwr\desktop\hidedriver\hidedriver\x64\debug\hidedriver.tlog\stampinf.command.1.tlog
c:\users\sqdwr\desktop\hidedriver\hidedriver\x64\debug\hidedriver.tlog\stampinf.read.1.tlog
c:\users\sqdwr\desktop\hidedriver\hidedriver\x64\debug\hidedriver.tlog\stampinf.write.1.tlog
